ARM GAS  /tmp/ccS33hxR.s 			page 1


   1              		.cpu cortex-m3
   2              		.eabi_attribute 20, 1
   3              		.eabi_attribute 21, 1
   4              		.eabi_attribute 23, 3
   5              		.eabi_attribute 24, 1
   6              		.eabi_attribute 25, 1
   7              		.eabi_attribute 26, 1
   8              		.eabi_attribute 30, 1
   9              		.eabi_attribute 34, 1
  10              		.eabi_attribute 18, 4
  11              		.file	"stm32f1xx_hal_msp.c"
  12              		.text
  13              	.Ltext0:
  14              		.cfi_sections	.debug_frame
  15              		.section	.text.HAL_MspInit,"ax",%progbits
  16              		.align	1
  17              		.global	HAL_MspInit
  18              		.syntax unified
  19              		.thumb
  20              		.thumb_func
  21              		.fpu softvfp
  23              	HAL_MspInit:
  24              	.LFB65:
  25              		.file 1 "Src/stm32f1xx_hal_msp.c"
   1:Src/stm32f1xx_hal_msp.c **** /* USER CODE BEGIN Header */
   2:Src/stm32f1xx_hal_msp.c **** /**
   3:Src/stm32f1xx_hal_msp.c ****   ******************************************************************************
   4:Src/stm32f1xx_hal_msp.c ****   * File Name          : stm32f1xx_hal_msp.c
   5:Src/stm32f1xx_hal_msp.c ****   * Description        : This file provides code for the MSP Initialization 
   6:Src/stm32f1xx_hal_msp.c ****   *                      and de-Initialization codes.
   7:Src/stm32f1xx_hal_msp.c ****   ******************************************************************************
   8:Src/stm32f1xx_hal_msp.c ****   * @attention
   9:Src/stm32f1xx_hal_msp.c ****   *
  10:Src/stm32f1xx_hal_msp.c ****   * <h2><center>&copy; Copyright (c) 2020 STMicroelectronics.
  11:Src/stm32f1xx_hal_msp.c ****   * All rights reserved.</center></h2>
  12:Src/stm32f1xx_hal_msp.c ****   *
  13:Src/stm32f1xx_hal_msp.c ****   * This software component is licensed by ST under BSD 3-Clause license,
  14:Src/stm32f1xx_hal_msp.c ****   * the "License"; You may not use this file except in compliance with the
  15:Src/stm32f1xx_hal_msp.c ****   * License. You may obtain a copy of the License at:
  16:Src/stm32f1xx_hal_msp.c ****   *                        opensource.org/licenses/BSD-3-Clause
  17:Src/stm32f1xx_hal_msp.c ****   *
  18:Src/stm32f1xx_hal_msp.c ****   ******************************************************************************
  19:Src/stm32f1xx_hal_msp.c ****   */
  20:Src/stm32f1xx_hal_msp.c **** /* USER CODE END Header */
  21:Src/stm32f1xx_hal_msp.c **** 
  22:Src/stm32f1xx_hal_msp.c **** /* Includes ------------------------------------------------------------------*/
  23:Src/stm32f1xx_hal_msp.c **** #include "main.h"
  24:Src/stm32f1xx_hal_msp.c **** /* USER CODE BEGIN Includes */
  25:Src/stm32f1xx_hal_msp.c **** 
  26:Src/stm32f1xx_hal_msp.c **** /* USER CODE END Includes */
  27:Src/stm32f1xx_hal_msp.c **** 
  28:Src/stm32f1xx_hal_msp.c **** /* Private typedef -----------------------------------------------------------*/
  29:Src/stm32f1xx_hal_msp.c **** /* USER CODE BEGIN TD */
  30:Src/stm32f1xx_hal_msp.c **** 
  31:Src/stm32f1xx_hal_msp.c **** /* USER CODE END TD */
  32:Src/stm32f1xx_hal_msp.c **** 
  33:Src/stm32f1xx_hal_msp.c **** /* Private define ------------------------------------------------------------*/
ARM GAS  /tmp/ccS33hxR.s 			page 2


  34:Src/stm32f1xx_hal_msp.c **** /* USER CODE BEGIN Define */
  35:Src/stm32f1xx_hal_msp.c ****  
  36:Src/stm32f1xx_hal_msp.c **** /* USER CODE END Define */
  37:Src/stm32f1xx_hal_msp.c **** 
  38:Src/stm32f1xx_hal_msp.c **** /* Private macro -------------------------------------------------------------*/
  39:Src/stm32f1xx_hal_msp.c **** /* USER CODE BEGIN Macro */
  40:Src/stm32f1xx_hal_msp.c **** 
  41:Src/stm32f1xx_hal_msp.c **** /* USER CODE END Macro */
  42:Src/stm32f1xx_hal_msp.c **** 
  43:Src/stm32f1xx_hal_msp.c **** /* Private variables ---------------------------------------------------------*/
  44:Src/stm32f1xx_hal_msp.c **** /* USER CODE BEGIN PV */
  45:Src/stm32f1xx_hal_msp.c **** 
  46:Src/stm32f1xx_hal_msp.c **** /* USER CODE END PV */
  47:Src/stm32f1xx_hal_msp.c **** 
  48:Src/stm32f1xx_hal_msp.c **** /* Private function prototypes -----------------------------------------------*/
  49:Src/stm32f1xx_hal_msp.c **** /* USER CODE BEGIN PFP */
  50:Src/stm32f1xx_hal_msp.c **** 
  51:Src/stm32f1xx_hal_msp.c **** /* USER CODE END PFP */
  52:Src/stm32f1xx_hal_msp.c **** 
  53:Src/stm32f1xx_hal_msp.c **** /* External functions --------------------------------------------------------*/
  54:Src/stm32f1xx_hal_msp.c **** /* USER CODE BEGIN ExternalFunctions */
  55:Src/stm32f1xx_hal_msp.c **** 
  56:Src/stm32f1xx_hal_msp.c **** /* USER CODE END ExternalFunctions */
  57:Src/stm32f1xx_hal_msp.c **** 
  58:Src/stm32f1xx_hal_msp.c **** /* USER CODE BEGIN 0 */
  59:Src/stm32f1xx_hal_msp.c **** 
  60:Src/stm32f1xx_hal_msp.c **** /* USER CODE END 0 */
  61:Src/stm32f1xx_hal_msp.c **** /**
  62:Src/stm32f1xx_hal_msp.c ****   * Initializes the Global MSP.
  63:Src/stm32f1xx_hal_msp.c ****   */
  64:Src/stm32f1xx_hal_msp.c **** void HAL_MspInit(void)
  65:Src/stm32f1xx_hal_msp.c **** {
  26              		.loc 1 65 0
  27              		.cfi_startproc
  28              		@ args = 0, pretend = 0, frame = 8
  29              		@ frame_needed = 0, uses_anonymous_args = 0
  30              		@ link register save eliminated.
  31 0000 82B0     		sub	sp, sp, #8
  32              	.LCFI0:
  33              		.cfi_def_cfa_offset 8
  34              	.LBB2:
  66:Src/stm32f1xx_hal_msp.c ****   /* USER CODE BEGIN MspInit 0 */
  67:Src/stm32f1xx_hal_msp.c **** 
  68:Src/stm32f1xx_hal_msp.c ****   /* USER CODE END MspInit 0 */
  69:Src/stm32f1xx_hal_msp.c **** 
  70:Src/stm32f1xx_hal_msp.c ****   __HAL_RCC_AFIO_CLK_ENABLE();
  35              		.loc 1 70 0
  36 0002 0E4B     		ldr	r3, .L3
  37 0004 9A69     		ldr	r2, [r3, #24]
  38 0006 42F00102 		orr	r2, r2, #1
  39 000a 9A61     		str	r2, [r3, #24]
  40 000c 9A69     		ldr	r2, [r3, #24]
  41 000e 02F00102 		and	r2, r2, #1
  42 0012 0092     		str	r2, [sp]
  43 0014 009A     		ldr	r2, [sp]
  44              	.LBE2:
  45              	.LBB3:
ARM GAS  /tmp/ccS33hxR.s 			page 3


  71:Src/stm32f1xx_hal_msp.c ****   __HAL_RCC_PWR_CLK_ENABLE();
  46              		.loc 1 71 0
  47 0016 DA69     		ldr	r2, [r3, #28]
  48 0018 42F08052 		orr	r2, r2, #268435456
  49 001c DA61     		str	r2, [r3, #28]
  50 001e DB69     		ldr	r3, [r3, #28]
  51 0020 03F08053 		and	r3, r3, #268435456
  52 0024 0193     		str	r3, [sp, #4]
  53 0026 019B     		ldr	r3, [sp, #4]
  54              	.LBE3:
  55              	.LBB4:
  72:Src/stm32f1xx_hal_msp.c **** 
  73:Src/stm32f1xx_hal_msp.c ****   /* System interrupt init*/
  74:Src/stm32f1xx_hal_msp.c **** 
  75:Src/stm32f1xx_hal_msp.c ****   /** NOJTAG: JTAG-DP Disabled and SW-DP Enabled 
  76:Src/stm32f1xx_hal_msp.c ****   */
  77:Src/stm32f1xx_hal_msp.c ****   __HAL_AFIO_REMAP_SWJ_NOJTAG();
  56              		.loc 1 77 0
  57 0028 054A     		ldr	r2, .L3+4
  58 002a 5368     		ldr	r3, [r2, #4]
  59              	.LVL0:
  60 002c 23F0E063 		bic	r3, r3, #117440512
  61              	.LVL1:
  62 0030 43F00073 		orr	r3, r3, #33554432
  63              	.LVL2:
  64 0034 5360     		str	r3, [r2, #4]
  65              	.LBE4:
  78:Src/stm32f1xx_hal_msp.c **** 
  79:Src/stm32f1xx_hal_msp.c ****   /* USER CODE BEGIN MspInit 1 */
  80:Src/stm32f1xx_hal_msp.c **** 
  81:Src/stm32f1xx_hal_msp.c ****   /* USER CODE END MspInit 1 */
  82:Src/stm32f1xx_hal_msp.c **** }
  66              		.loc 1 82 0
  67 0036 02B0     		add	sp, sp, #8
  68              	.LCFI1:
  69              		.cfi_def_cfa_offset 0
  70              		@ sp needed
  71 0038 7047     		bx	lr
  72              	.L4:
  73 003a 00BF     		.align	2
  74              	.L3:
  75 003c 00100240 		.word	1073876992
  76 0040 00000140 		.word	1073807360
  77              		.cfi_endproc
  78              	.LFE65:
  80              		.section	.text.HAL_UART_MspInit,"ax",%progbits
  81              		.align	1
  82              		.global	HAL_UART_MspInit
  83              		.syntax unified
  84              		.thumb
  85              		.thumb_func
  86              		.fpu softvfp
  88              	HAL_UART_MspInit:
  89              	.LFB66:
  83:Src/stm32f1xx_hal_msp.c **** 
  84:Src/stm32f1xx_hal_msp.c **** /**
  85:Src/stm32f1xx_hal_msp.c **** * @brief UART MSP Initialization
ARM GAS  /tmp/ccS33hxR.s 			page 4


  86:Src/stm32f1xx_hal_msp.c **** * This function configures the hardware resources used in this example
  87:Src/stm32f1xx_hal_msp.c **** * @param huart: UART handle pointer
  88:Src/stm32f1xx_hal_msp.c **** * @retval None
  89:Src/stm32f1xx_hal_msp.c **** */
  90:Src/stm32f1xx_hal_msp.c **** void HAL_UART_MspInit(UART_HandleTypeDef* huart)
  91:Src/stm32f1xx_hal_msp.c **** {
  90              		.loc 1 91 0
  91              		.cfi_startproc
  92              		@ args = 0, pretend = 0, frame = 24
  93              		@ frame_needed = 0, uses_anonymous_args = 0
  94              	.LVL3:
  95 0000 00B5     		push	{lr}
  96              	.LCFI2:
  97              		.cfi_def_cfa_offset 4
  98              		.cfi_offset 14, -4
  99 0002 87B0     		sub	sp, sp, #28
 100              	.LCFI3:
 101              		.cfi_def_cfa_offset 32
  92:Src/stm32f1xx_hal_msp.c ****   GPIO_InitTypeDef GPIO_InitStruct = {0};
 102              		.loc 1 92 0
 103 0004 0023     		movs	r3, #0
 104 0006 0293     		str	r3, [sp, #8]
 105 0008 0393     		str	r3, [sp, #12]
 106 000a 0493     		str	r3, [sp, #16]
 107 000c 0593     		str	r3, [sp, #20]
  93:Src/stm32f1xx_hal_msp.c ****   if(huart->Instance==USART2)
 108              		.loc 1 93 0
 109 000e 0268     		ldr	r2, [r0]
 110 0010 114B     		ldr	r3, .L9
 111 0012 9A42     		cmp	r2, r3
 112 0014 02D0     		beq	.L8
 113              	.LVL4:
 114              	.L5:
  94:Src/stm32f1xx_hal_msp.c ****   {
  95:Src/stm32f1xx_hal_msp.c ****   /* USER CODE BEGIN USART2_MspInit 0 */
  96:Src/stm32f1xx_hal_msp.c **** 
  97:Src/stm32f1xx_hal_msp.c ****   /* USER CODE END USART2_MspInit 0 */
  98:Src/stm32f1xx_hal_msp.c ****     /* Peripheral clock enable */
  99:Src/stm32f1xx_hal_msp.c ****     __HAL_RCC_USART2_CLK_ENABLE();
 100:Src/stm32f1xx_hal_msp.c ****   
 101:Src/stm32f1xx_hal_msp.c ****     __HAL_RCC_GPIOA_CLK_ENABLE();
 102:Src/stm32f1xx_hal_msp.c ****     /**USART2 GPIO Configuration    
 103:Src/stm32f1xx_hal_msp.c ****     PA2     ------> USART2_TX
 104:Src/stm32f1xx_hal_msp.c ****     PA3     ------> USART2_RX 
 105:Src/stm32f1xx_hal_msp.c ****     */
 106:Src/stm32f1xx_hal_msp.c ****     GPIO_InitStruct.Pin = USART_TX_Pin|USART_RX_Pin;
 107:Src/stm32f1xx_hal_msp.c ****     GPIO_InitStruct.Mode = GPIO_MODE_AF_PP;
 108:Src/stm32f1xx_hal_msp.c ****     GPIO_InitStruct.Speed = GPIO_SPEED_FREQ_LOW;
 109:Src/stm32f1xx_hal_msp.c ****     HAL_GPIO_Init(GPIOA, &GPIO_InitStruct);
 110:Src/stm32f1xx_hal_msp.c **** 
 111:Src/stm32f1xx_hal_msp.c ****   /* USER CODE BEGIN USART2_MspInit 1 */
 112:Src/stm32f1xx_hal_msp.c **** 
 113:Src/stm32f1xx_hal_msp.c ****   /* USER CODE END USART2_MspInit 1 */
 114:Src/stm32f1xx_hal_msp.c ****   }
 115:Src/stm32f1xx_hal_msp.c **** 
 116:Src/stm32f1xx_hal_msp.c **** }
 115              		.loc 1 116 0
ARM GAS  /tmp/ccS33hxR.s 			page 5


 116 0016 07B0     		add	sp, sp, #28
 117              	.LCFI4:
 118              		.cfi_remember_state
 119              		.cfi_def_cfa_offset 4
 120              		@ sp needed
 121 0018 5DF804FB 		ldr	pc, [sp], #4
 122              	.LVL5:
 123              	.L8:
 124              	.LCFI5:
 125              		.cfi_restore_state
 126              	.LBB5:
  99:Src/stm32f1xx_hal_msp.c ****   
 127              		.loc 1 99 0
 128 001c 03F5E633 		add	r3, r3, #117760
 129 0020 DA69     		ldr	r2, [r3, #28]
 130 0022 42F40032 		orr	r2, r2, #131072
 131 0026 DA61     		str	r2, [r3, #28]
 132 0028 DA69     		ldr	r2, [r3, #28]
 133 002a 02F40032 		and	r2, r2, #131072
 134 002e 0092     		str	r2, [sp]
 135 0030 009A     		ldr	r2, [sp]
 136              	.LBE5:
 137              	.LBB6:
 101:Src/stm32f1xx_hal_msp.c ****     /**USART2 GPIO Configuration    
 138              		.loc 1 101 0
 139 0032 9A69     		ldr	r2, [r3, #24]
 140 0034 42F00402 		orr	r2, r2, #4
 141 0038 9A61     		str	r2, [r3, #24]
 142 003a 9B69     		ldr	r3, [r3, #24]
 143 003c 03F00403 		and	r3, r3, #4
 144 0040 0193     		str	r3, [sp, #4]
 145 0042 019B     		ldr	r3, [sp, #4]
 146              	.LBE6:
 106:Src/stm32f1xx_hal_msp.c ****     GPIO_InitStruct.Mode = GPIO_MODE_AF_PP;
 147              		.loc 1 106 0
 148 0044 0C23     		movs	r3, #12
 149 0046 0293     		str	r3, [sp, #8]
 107:Src/stm32f1xx_hal_msp.c ****     GPIO_InitStruct.Speed = GPIO_SPEED_FREQ_LOW;
 150              		.loc 1 107 0
 151 0048 0223     		movs	r3, #2
 152 004a 0393     		str	r3, [sp, #12]
 108:Src/stm32f1xx_hal_msp.c ****     HAL_GPIO_Init(GPIOA, &GPIO_InitStruct);
 153              		.loc 1 108 0
 154 004c 0593     		str	r3, [sp, #20]
 109:Src/stm32f1xx_hal_msp.c **** 
 155              		.loc 1 109 0
 156 004e 02A9     		add	r1, sp, #8
 157 0050 0248     		ldr	r0, .L9+4
 158              	.LVL6:
 159 0052 FFF7FEFF 		bl	HAL_GPIO_Init
 160              	.LVL7:
 161              		.loc 1 116 0
 162 0056 DEE7     		b	.L5
 163              	.L10:
 164              		.align	2
 165              	.L9:
 166 0058 00440040 		.word	1073759232
ARM GAS  /tmp/ccS33hxR.s 			page 6


 167 005c 00080140 		.word	1073809408
 168              		.cfi_endproc
 169              	.LFE66:
 171              		.section	.text.HAL_UART_MspDeInit,"ax",%progbits
 172              		.align	1
 173              		.global	HAL_UART_MspDeInit
 174              		.syntax unified
 175              		.thumb
 176              		.thumb_func
 177              		.fpu softvfp
 179              	HAL_UART_MspDeInit:
 180              	.LFB67:
 117:Src/stm32f1xx_hal_msp.c **** 
 118:Src/stm32f1xx_hal_msp.c **** /**
 119:Src/stm32f1xx_hal_msp.c **** * @brief UART MSP De-Initialization
 120:Src/stm32f1xx_hal_msp.c **** * This function freeze the hardware resources used in this example
 121:Src/stm32f1xx_hal_msp.c **** * @param huart: UART handle pointer
 122:Src/stm32f1xx_hal_msp.c **** * @retval None
 123:Src/stm32f1xx_hal_msp.c **** */
 124:Src/stm32f1xx_hal_msp.c **** void HAL_UART_MspDeInit(UART_HandleTypeDef* huart)
 125:Src/stm32f1xx_hal_msp.c **** {
 181              		.loc 1 125 0
 182              		.cfi_startproc
 183              		@ args = 0, pretend = 0, frame = 0
 184              		@ frame_needed = 0, uses_anonymous_args = 0
 185              	.LVL8:
 186 0000 08B5     		push	{r3, lr}
 187              	.LCFI6:
 188              		.cfi_def_cfa_offset 8
 189              		.cfi_offset 3, -8
 190              		.cfi_offset 14, -4
 126:Src/stm32f1xx_hal_msp.c ****   if(huart->Instance==USART2)
 191              		.loc 1 126 0
 192 0002 0268     		ldr	r2, [r0]
 193 0004 064B     		ldr	r3, .L15
 194 0006 9A42     		cmp	r2, r3
 195 0008 00D0     		beq	.L14
 196              	.LVL9:
 197              	.L11:
 198 000a 08BD     		pop	{r3, pc}
 199              	.LVL10:
 200              	.L14:
 127:Src/stm32f1xx_hal_msp.c ****   {
 128:Src/stm32f1xx_hal_msp.c ****   /* USER CODE BEGIN USART2_MspDeInit 0 */
 129:Src/stm32f1xx_hal_msp.c **** 
 130:Src/stm32f1xx_hal_msp.c ****   /* USER CODE END USART2_MspDeInit 0 */
 131:Src/stm32f1xx_hal_msp.c ****     /* Peripheral clock disable */
 132:Src/stm32f1xx_hal_msp.c ****     __HAL_RCC_USART2_CLK_DISABLE();
 201              		.loc 1 132 0
 202 000c 054A     		ldr	r2, .L15+4
 203 000e D369     		ldr	r3, [r2, #28]
 204 0010 23F40033 		bic	r3, r3, #131072
 205 0014 D361     		str	r3, [r2, #28]
 133:Src/stm32f1xx_hal_msp.c ****   
 134:Src/stm32f1xx_hal_msp.c ****     /**USART2 GPIO Configuration    
 135:Src/stm32f1xx_hal_msp.c ****     PA2     ------> USART2_TX
 136:Src/stm32f1xx_hal_msp.c ****     PA3     ------> USART2_RX 
ARM GAS  /tmp/ccS33hxR.s 			page 7


 137:Src/stm32f1xx_hal_msp.c ****     */
 138:Src/stm32f1xx_hal_msp.c ****     HAL_GPIO_DeInit(GPIOA, USART_TX_Pin|USART_RX_Pin);
 206              		.loc 1 138 0
 207 0016 0C21     		movs	r1, #12
 208 0018 0348     		ldr	r0, .L15+8
 209              	.LVL11:
 210 001a FFF7FEFF 		bl	HAL_GPIO_DeInit
 211              	.LVL12:
 139:Src/stm32f1xx_hal_msp.c **** 
 140:Src/stm32f1xx_hal_msp.c ****   /* USER CODE BEGIN USART2_MspDeInit 1 */
 141:Src/stm32f1xx_hal_msp.c **** 
 142:Src/stm32f1xx_hal_msp.c ****   /* USER CODE END USART2_MspDeInit 1 */
 143:Src/stm32f1xx_hal_msp.c ****   }
 144:Src/stm32f1xx_hal_msp.c **** 
 145:Src/stm32f1xx_hal_msp.c **** }
 212              		.loc 1 145 0
 213 001e F4E7     		b	.L11
 214              	.L16:
 215              		.align	2
 216              	.L15:
 217 0020 00440040 		.word	1073759232
 218 0024 00100240 		.word	1073876992
 219 0028 00080140 		.word	1073809408
 220              		.cfi_endproc
 221              	.LFE67:
 223              		.text
 224              	.Letext0:
 225              		.file 2 "/usr/include/newlib/machine/_default_types.h"
 226              		.file 3 "/usr/include/newlib/sys/_stdint.h"
 227              		.file 4 "Drivers/CMSIS/Include/core_cm3.h"
 228              		.file 5 "Drivers/CMSIS/Device/ST/STM32F1xx/Include/system_stm32f1xx.h"
 229              		.file 6 "Drivers/CMSIS/Device/ST/STM32F1xx/Include/stm32f103xb.h"
 230              		.file 7 "Drivers/STM32F1xx_HAL_Driver/Inc/stm32f1xx_hal_def.h"
 231              		.file 8 "Drivers/STM32F1xx_HAL_Driver/Inc/stm32f1xx_hal_gpio.h"
 232              		.file 9 "Drivers/STM32F1xx_HAL_Driver/Inc/stm32f1xx_hal_dma.h"
 233              		.file 10 "Drivers/STM32F1xx_HAL_Driver/Inc/stm32f1xx_hal_uart.h"
 234              		.file 11 "Drivers/STM32F1xx_HAL_Driver/Inc/stm32f1xx_hal.h"
ARM GAS  /tmp/ccS33hxR.s 			page 8


DEFINED SYMBOLS
                            *ABS*:0000000000000000 stm32f1xx_hal_msp.c
     /tmp/ccS33hxR.s:16     .text.HAL_MspInit:0000000000000000 $t
     /tmp/ccS33hxR.s:23     .text.HAL_MspInit:0000000000000000 HAL_MspInit
     /tmp/ccS33hxR.s:75     .text.HAL_MspInit:000000000000003c $d
     /tmp/ccS33hxR.s:81     .text.HAL_UART_MspInit:0000000000000000 $t
     /tmp/ccS33hxR.s:88     .text.HAL_UART_MspInit:0000000000000000 HAL_UART_MspInit
     /tmp/ccS33hxR.s:166    .text.HAL_UART_MspInit:0000000000000058 $d
     /tmp/ccS33hxR.s:172    .text.HAL_UART_MspDeInit:0000000000000000 $t
     /tmp/ccS33hxR.s:179    .text.HAL_UART_MspDeInit:0000000000000000 HAL_UART_MspDeInit
     /tmp/ccS33hxR.s:217    .text.HAL_UART_MspDeInit:0000000000000020 $d
                     .debug_frame:0000000000000010 $d

UNDEFINED SYMBOLS
HAL_GPIO_Init
HAL_GPIO_DeInit
